Collecting coverage~=5.2
  Downloading coverage-5.3-cp36-cp36m-manylinux1_x86_64.whl (229 kB)
Collecting flake8~=3.7
  Downloading flake8-3.8.4-py2.py3-none-any.whl (72 kB)
Collecting pypandoc~=1.4
  Downloading pypandoc-1.5.tar.gz (26 kB)
Requirement already up-to-date: setuptools>=38.6.0 in ./.pybuilder/plugins/cpython-3.6.9.final.0/lib/python3.6/site-packages (50.3.2)
Collecting twine>=1.15.0
  Downloading twine-3.2.0-py3-none-any.whl (34 kB)
Collecting unittest-xml-reporting~=3.0.2
  Downloading unittest_xml_reporting-3.0.4-py2.py3-none-any.whl (19 kB)
Requirement already up-to-date: wheel>=0.34.0 in ./.pybuilder/plugins/cpython-3.6.9.final.0/lib/python3.6/site-packages (0.35.1)
Collecting importlib-metadata; python_version < "3.8"
  Downloading importlib_metadata-3.0.0-py2.py3-none-any.whl (9.2 kB)
Collecting pyflakes<2.3.0,>=2.2.0
  Downloading pyflakes-2.2.0-py2.py3-none-any.whl (66 kB)
Collecting pycodestyle<2.7.0,>=2.6.0a1
  Downloading pycodestyle-2.6.0-py2.py3-none-any.whl (41 kB)
Collecting mccabe<0.7.0,>=0.6.0
  Downloading mccabe-0.6.1-py2.py3-none-any.whl (8.6 kB)
Requirement already satisfied, skipping upgrade: pip>=8.1.0 in ./.pybuilder/plugins/cpython-3.6.9.final.0/lib/python3.6/site-packages (from pypandoc~=1.4) (20.2.4)
Collecting requests>=2.20
  Downloading requests-2.25.0-py2.py3-none-any.whl (61 kB)
Collecting requests-toolbelt!=0.9.0,>=0.8.0
  Downloading requests_toolbelt-0.9.1-py2.py3-none-any.whl (54 kB)
Collecting readme-renderer>=21.0
  Downloading readme_renderer-28.0-py2.py3-none-any.whl (15 kB)
Collecting tqdm>=4.14
  Downloading tqdm-4.53.0-py2.py3-none-any.whl (70 kB)
Collecting rfc3986>=1.4.0
  Downloading rfc3986-1.4.0-py2.py3-none-any.whl (31 kB)
Collecting colorama>=0.4.3
  Downloading colorama-0.4.4-py2.py3-none-any.whl (16 kB)
Collecting pkginfo>=1.4.2
  Downloading pkginfo-1.6.1-py2.py3-none-any.whl (25 kB)
Collecting keyring>=15.1
  Downloading keyring-21.5.0-py3-none-any.whl (32 kB)
Collecting zipp>=0.5
  Downloading zipp-3.4.0-py3-none-any.whl (5.2 kB)
Collecting idna<3,>=2.5
  Downloading idna-2.10-py2.py3-none-any.whl (58 kB)
Collecting certifi>=2017.4.17
  Downloading certifi-2020.11.8-py2.py3-none-any.whl (155 kB)
Collecting chardet<4,>=3.0.2
  Downloading chardet-3.0.4-py2.py3-none-any.whl (133 kB)
Collecting urllib3<1.27,>=1.21.1
  Downloading urllib3-1.26.2-py2.py3-none-any.whl (136 kB)
Collecting docutils>=0.13.1
  Downloading docutils-0.16-py2.py3-none-any.whl (548 kB)
Collecting bleach>=2.1.0
  Downloading bleach-3.2.1-py2.py3-none-any.whl (145 kB)
Collecting six
  Downloading six-1.15.0-py2.py3-none-any.whl (10 kB)
Collecting Pygments>=2.5.1
  Downloading Pygments-2.7.2-py3-none-any.whl (948 kB)
Collecting SecretStorage>=3.2; sys_platform == "linux"
  Downloading SecretStorage-3.2.0-py3-none-any.whl (14 kB)
Collecting jeepney>=0.4.2; sys_platform == "linux"
  Downloading jeepney-0.6.0-py3-none-any.whl (45 kB)
Collecting packaging
  Downloading packaging-20.4-py2.py3-none-any.whl (37 kB)
Collecting webencodings
  Downloading webencodings-0.5.1-py2.py3-none-any.whl (11 kB)
Collecting cryptography>=2.0
  Downloading cryptography-3.2.1-cp35-abi3-manylinux2010_x86_64.whl (2.6 MB)
Collecting pyparsing>=2.0.2
  Downloading pyparsing-2.4.7-py2.py3-none-any.whl (67 kB)
Collecting cffi!=1.11.3,>=1.8
  Downloading cffi-1.14.3-cp36-cp36m-manylinux1_x86_64.whl (400 kB)
Collecting pycparser
  Downloading pycparser-2.20-py2.py3-none-any.whl (112 kB)
Building wheels for collected packages: pypandoc
  Building wheel for pypandoc (setup.py): started
  Building wheel for pypandoc (setup.py): finished with status 'done'
  Created wheel for pypandoc: filename=pypandoc-1.5-py3-none-any.whl size=17037 sha256=56fe218c5f9f2b6a94e561f24c59ab08b4f893c8c65f41d49f20221e4bf5c09c
  Stored in directory: /home/adecesa1/.cache/pip/wheels/99/2f/6f/5c5b74e2659126cde3fa5db4e4898f769542e13eb22a530aa7
Successfully built pypandoc
Installing collected packages: coverage, zipp, importlib-metadata, pyflakes, pycodestyle, mccabe, flake8, pypandoc, idna, certifi, chardet, urllib3, requests, requests-toolbelt, docutils, pyparsing, six, packaging, webencodings, bleach, Pygments, readme-renderer, tqdm, rfc3986, colorama, pkginfo, pycparser, cffi, cryptography, jeepney, SecretStorage, keyring, twine, unittest-xml-reporting
Successfully installed Pygments-2.7.2 SecretStorage-3.2.0 bleach-3.2.1 certifi-2020.11.8 cffi-1.14.3 chardet-3.0.4 colorama-0.4.4 coverage-5.3 cryptography-3.2.1 docutils-0.16 flake8-3.8.4 idna-2.10 importlib-metadata-3.0.0 jeepney-0.6.0 keyring-21.5.0 mccabe-0.6.1 packaging-20.4 pkginfo-1.6.1 pycodestyle-2.6.0 pycparser-2.20 pyflakes-2.2.0 pypandoc-1.5 pyparsing-2.4.7 readme-renderer-28.0 requests-2.25.0 requests-toolbelt-0.9.1 rfc3986-1.4.0 six-1.15.0 tqdm-4.53.0 twine-3.2.0 unittest-xml-reporting-3.0.4 urllib3-1.26.2 webencodings-0.5.1 zipp-3.4.0
Requirement already up-to-date: pypandoc~=1.4 in ./.pybuilder/plugins/cpython-3.6.9.final.0/lib/python3.6/site-packages (1.5)
Requirement already up-to-date: setuptools>=38.6.0 in ./.pybuilder/plugins/cpython-3.6.9.final.0/lib/python3.6/site-packages (50.3.2)
Requirement already up-to-date: twine>=1.15.0 in ./.pybuilder/plugins/cpython-3.6.9.final.0/lib/python3.6/site-packages (3.2.0)
Requirement already up-to-date: unittest-xml-reporting~=3.0.2 in ./.pybuilder/plugins/cpython-3.6.9.final.0/lib/python3.6/site-packages (3.0.4)
Requirement already up-to-date: wheel>=0.34.0 in ./.pybuilder/plugins/cpython-3.6.9.final.0/lib/python3.6/site-packages (0.35.1)
Requirement already satisfied, skipping upgrade: pip>=8.1.0 in ./.pybuilder/plugins/cpython-3.6.9.final.0/lib/python3.6/site-packages (from pypandoc~=1.4) (20.2.4)
Requirement already satisfied, skipping upgrade: importlib-metadata; python_version < "3.8" in ./.pybuilder/plugins/cpython-3.6.9.final.0/lib/python3.6/site-packages (from twine>=1.15.0) (3.0.0)
Requirement already satisfied, skipping upgrade: requests>=2.20 in ./.pybuilder/plugins/cpython-3.6.9.final.0/lib/python3.6/site-packages (from twine>=1.15.0) (2.25.0)
Requirement already satisfied, skipping upgrade: requests-toolbelt!=0.9.0,>=0.8.0 in ./.pybuilder/plugins/cpython-3.6.9.final.0/lib/python3.6/site-packages (from twine>=1.15.0) (0.9.1)
Requirement already satisfied, skipping upgrade: readme-renderer>=21.0 in ./.pybuilder/plugins/cpython-3.6.9.final.0/lib/python3.6/site-packages (from twine>=1.15.0) (28.0)
Requirement already satisfied, skipping upgrade: tqdm>=4.14 in ./.pybuilder/plugins/cpython-3.6.9.final.0/lib/python3.6/site-packages (from twine>=1.15.0) (4.53.0)
Requirement already satisfied, skipping upgrade: rfc3986>=1.4.0 in ./.pybuilder/plugins/cpython-3.6.9.final.0/lib/python3.6/site-packages (from twine>=1.15.0) (1.4.0)
Requirement already satisfied, skipping upgrade: colorama>=0.4.3 in ./.pybuilder/plugins/cpython-3.6.9.final.0/lib/python3.6/site-packages (from twine>=1.15.0) (0.4.4)
Requirement already satisfied, skipping upgrade: pkginfo>=1.4.2 in ./.pybuilder/plugins/cpython-3.6.9.final.0/lib/python3.6/site-packages (from twine>=1.15.0) (1.6.1)
Requirement already satisfied, skipping upgrade: keyring>=15.1 in ./.pybuilder/plugins/cpython-3.6.9.final.0/lib/python3.6/site-packages (from twine>=1.15.0) (21.5.0)
Requirement already satisfied, skipping upgrade: zipp>=0.5 in ./.pybuilder/plugins/cpython-3.6.9.final.0/lib/python3.6/site-packages (from importlib-metadata; python_version < "3.8"->twine>=1.15.0) (3.4.0)
Requirement already satisfied, skipping upgrade: idna<3,>=2.5 in ./.pybuilder/plugins/cpython-3.6.9.final.0/lib/python3.6/site-packages (from requests>=2.20->twine>=1.15.0) (2.10)
Requirement already satisfied, skipping upgrade: chardet<4,>=3.0.2 in ./.pybuilder/plugins/cpython-3.6.9.final.0/lib/python3.6/site-packages (from requests>=2.20->twine>=1.15.0) (3.0.4)
Requirement already satisfied, skipping upgrade: urllib3<1.27,>=1.21.1 in ./.pybuilder/plugins/cpython-3.6.9.final.0/lib/python3.6/site-packages (from requests>=2.20->twine>=1.15.0) (1.26.2)
Requirement already satisfied, skipping upgrade: certifi>=2017.4.17 in ./.pybuilder/plugins/cpython-3.6.9.final.0/lib/python3.6/site-packages (from requests>=2.20->twine>=1.15.0) (2020.11.8)
Requirement already satisfied, skipping upgrade: Pygments>=2.5.1 in ./.pybuilder/plugins/cpython-3.6.9.final.0/lib/python3.6/site-packages (from readme-renderer>=21.0->twine>=1.15.0) (2.7.2)
Requirement already satisfied, skipping upgrade: docutils>=0.13.1 in ./.pybuilder/plugins/cpython-3.6.9.final.0/lib/python3.6/site-packages (from readme-renderer>=21.0->twine>=1.15.0) (0.16)
Requirement already satisfied, skipping upgrade: bleach>=2.1.0 in ./.pybuilder/plugins/cpython-3.6.9.final.0/lib/python3.6/site-packages (from readme-renderer>=21.0->twine>=1.15.0) (3.2.1)
Requirement already satisfied, skipping upgrade: six in ./.pybuilder/plugins/cpython-3.6.9.final.0/lib/python3.6/site-packages (from readme-renderer>=21.0->twine>=1.15.0) (1.15.0)
Requirement already satisfied, skipping upgrade: jeepney>=0.4.2; sys_platform == "linux" in ./.pybuilder/plugins/cpython-3.6.9.final.0/lib/python3.6/site-packages (from keyring>=15.1->twine>=1.15.0) (0.6.0)
Requirement already satisfied, skipping upgrade: SecretStorage>=3.2; sys_platform == "linux" in ./.pybuilder/plugins/cpython-3.6.9.final.0/lib/python3.6/site-packages (from keyring>=15.1->twine>=1.15.0) (3.2.0)
Requirement already satisfied, skipping upgrade: packaging in ./.pybuilder/plugins/cpython-3.6.9.final.0/lib/python3.6/site-packages (from bleach>=2.1.0->readme-renderer>=21.0->twine>=1.15.0) (20.4)
Requirement already satisfied, skipping upgrade: webencodings in ./.pybuilder/plugins/cpython-3.6.9.final.0/lib/python3.6/site-packages (from bleach>=2.1.0->readme-renderer>=21.0->twine>=1.15.0) (0.5.1)
Requirement already satisfied, skipping upgrade: cryptography>=2.0 in ./.pybuilder/plugins/cpython-3.6.9.final.0/lib/python3.6/site-packages (from SecretStorage>=3.2; sys_platform == "linux"->keyring>=15.1->twine>=1.15.0) (3.2.1)
Requirement already satisfied, skipping upgrade: pyparsing>=2.0.2 in ./.pybuilder/plugins/cpython-3.6.9.final.0/lib/python3.6/site-packages (from packaging->bleach>=2.1.0->readme-renderer>=21.0->twine>=1.15.0) (2.4.7)
Requirement already satisfied, skipping upgrade: cffi!=1.11.3,>=1.8 in ./.pybuilder/plugins/cpython-3.6.9.final.0/lib/python3.6/site-packages (from cryptography>=2.0->SecretStorage>=3.2; sys_platform == "linux"->keyring>=15.1->twine>=1.15.0) (1.14.3)
Requirement already satisfied, skipping upgrade: pycparser in ./.pybuilder/plugins/cpython-3.6.9.final.0/lib/python3.6/site-packages (from cffi!=1.11.3,>=1.8->cryptography>=2.0->SecretStorage>=3.2; sys_platform == "linux"->keyring>=15.1->twine>=1.15.0) (2.20)
Requirement already up-to-date: pypandoc~=1.4 in ./.pybuilder/plugins/cpython-3.6.9.final.0/lib/python3.6/site-packages (1.5)
Requirement already up-to-date: setuptools>=38.6.0 in ./.pybuilder/plugins/cpython-3.6.9.final.0/lib/python3.6/site-packages (50.3.2)
Requirement already up-to-date: twine>=1.15.0 in ./.pybuilder/plugins/cpython-3.6.9.final.0/lib/python3.6/site-packages (3.2.0)
Requirement already up-to-date: unittest-xml-reporting~=3.0.2 in ./.pybuilder/plugins/cpython-3.6.9.final.0/lib/python3.6/site-packages (3.0.4)
Requirement already up-to-date: wheel>=0.34.0 in ./.pybuilder/plugins/cpython-3.6.9.final.0/lib/python3.6/site-packages (0.35.1)
Requirement already satisfied, skipping upgrade: pip>=8.1.0 in ./.pybuilder/plugins/cpython-3.6.9.final.0/lib/python3.6/site-packages (from pypandoc~=1.4) (20.2.4)
Requirement already satisfied, skipping upgrade: importlib-metadata; python_version < "3.8" in ./.pybuilder/plugins/cpython-3.6.9.final.0/lib/python3.6/site-packages (from twine>=1.15.0) (3.0.0)
Requirement already satisfied, skipping upgrade: requests>=2.20 in ./.pybuilder/plugins/cpython-3.6.9.final.0/lib/python3.6/site-packages (from twine>=1.15.0) (2.25.0)
Requirement already satisfied, skipping upgrade: tqdm>=4.14 in ./.pybuilder/plugins/cpython-3.6.9.final.0/lib/python3.6/site-packages (from twine>=1.15.0) (4.53.0)
Requirement already satisfied, skipping upgrade: rfc3986>=1.4.0 in ./.pybuilder/plugins/cpython-3.6.9.final.0/lib/python3.6/site-packages (from twine>=1.15.0) (1.4.0)
Requirement already satisfied, skipping upgrade: pkginfo>=1.4.2 in ./.pybuilder/plugins/cpython-3.6.9.final.0/lib/python3.6/site-packages (from twine>=1.15.0) (1.6.1)
Requirement already satisfied, skipping upgrade: colorama>=0.4.3 in ./.pybuilder/plugins/cpython-3.6.9.final.0/lib/python3.6/site-packages (from twine>=1.15.0) (0.4.4)
Requirement already satisfied, skipping upgrade: readme-renderer>=21.0 in ./.pybuilder/plugins/cpython-3.6.9.final.0/lib/python3.6/site-packages (from twine>=1.15.0) (28.0)
Requirement already satisfied, skipping upgrade: keyring>=15.1 in ./.pybuilder/plugins/cpython-3.6.9.final.0/lib/python3.6/site-packages (from twine>=1.15.0) (21.5.0)
Requirement already satisfied, skipping upgrade: requests-toolbelt!=0.9.0,>=0.8.0 in ./.pybuilder/plugins/cpython-3.6.9.final.0/lib/python3.6/site-packages (from twine>=1.15.0) (0.9.1)
Requirement already satisfied, skipping upgrade: zipp>=0.5 in ./.pybuilder/plugins/cpython-3.6.9.final.0/lib/python3.6/site-packages (from importlib-metadata; python_version < "3.8"->twine>=1.15.0) (3.4.0)
Requirement already satisfied, skipping upgrade: chardet<4,>=3.0.2 in ./.pybuilder/plugins/cpython-3.6.9.final.0/lib/python3.6/site-packages (from requests>=2.20->twine>=1.15.0) (3.0.4)
Requirement already satisfied, skipping upgrade: idna<3,>=2.5 in ./.pybuilder/plugins/cpython-3.6.9.final.0/lib/python3.6/site-packages (from requests>=2.20->twine>=1.15.0) (2.10)
Requirement already satisfied, skipping upgrade: urllib3<1.27,>=1.21.1 in ./.pybuilder/plugins/cpython-3.6.9.final.0/lib/python3.6/site-packages (from requests>=2.20->twine>=1.15.0) (1.26.2)
Requirement already satisfied, skipping upgrade: certifi>=2017.4.17 in ./.pybuilder/plugins/cpython-3.6.9.final.0/lib/python3.6/site-packages (from requests>=2.20->twine>=1.15.0) (2020.11.8)
Requirement already satisfied, skipping upgrade: six in ./.pybuilder/plugins/cpython-3.6.9.final.0/lib/python3.6/site-packages (from readme-renderer>=21.0->twine>=1.15.0) (1.15.0)
Requirement already satisfied, skipping upgrade: Pygments>=2.5.1 in ./.pybuilder/plugins/cpython-3.6.9.final.0/lib/python3.6/site-packages (from readme-renderer>=21.0->twine>=1.15.0) (2.7.2)
Requirement already satisfied, skipping upgrade: docutils>=0.13.1 in ./.pybuilder/plugins/cpython-3.6.9.final.0/lib/python3.6/site-packages (from readme-renderer>=21.0->twine>=1.15.0) (0.16)
Requirement already satisfied, skipping upgrade: bleach>=2.1.0 in ./.pybuilder/plugins/cpython-3.6.9.final.0/lib/python3.6/site-packages (from readme-renderer>=21.0->twine>=1.15.0) (3.2.1)
Requirement already satisfied, skipping upgrade: jeepney>=0.4.2; sys_platform == "linux" in ./.pybuilder/plugins/cpython-3.6.9.final.0/lib/python3.6/site-packages (from keyring>=15.1->twine>=1.15.0) (0.6.0)
Requirement already satisfied, skipping upgrade: SecretStorage>=3.2; sys_platform == "linux" in ./.pybuilder/plugins/cpython-3.6.9.final.0/lib/python3.6/site-packages (from keyring>=15.1->twine>=1.15.0) (3.2.0)
Requirement already satisfied, skipping upgrade: webencodings in ./.pybuilder/plugins/cpython-3.6.9.final.0/lib/python3.6/site-packages (from bleach>=2.1.0->readme-renderer>=21.0->twine>=1.15.0) (0.5.1)
Requirement already satisfied, skipping upgrade: packaging in ./.pybuilder/plugins/cpython-3.6.9.final.0/lib/python3.6/site-packages (from bleach>=2.1.0->readme-renderer>=21.0->twine>=1.15.0) (20.4)
Requirement already satisfied, skipping upgrade: cryptography>=2.0 in ./.pybuilder/plugins/cpython-3.6.9.final.0/lib/python3.6/site-packages (from SecretStorage>=3.2; sys_platform == "linux"->keyring>=15.1->twine>=1.15.0) (3.2.1)
Requirement already satisfied, skipping upgrade: pyparsing>=2.0.2 in ./.pybuilder/plugins/cpython-3.6.9.final.0/lib/python3.6/site-packages (from packaging->bleach>=2.1.0->readme-renderer>=21.0->twine>=1.15.0) (2.4.7)
Requirement already satisfied, skipping upgrade: cffi!=1.11.3,>=1.8 in ./.pybuilder/plugins/cpython-3.6.9.final.0/lib/python3.6/site-packages (from cryptography>=2.0->SecretStorage>=3.2; sys_platform == "linux"->keyring>=15.1->twine>=1.15.0) (1.14.3)
Requirement already satisfied, skipping upgrade: pycparser in ./.pybuilder/plugins/cpython-3.6.9.final.0/lib/python3.6/site-packages (from cffi!=1.11.3,>=1.8->cryptography>=2.0->SecretStorage>=3.2; sys_platform == "linux"->keyring>=15.1->twine>=1.15.0) (2.20)
Requirement already up-to-date: pypandoc~=1.4 in ./.pybuilder/plugins/cpython-3.6.9.final.0/lib/python3.6/site-packages (1.5)
Requirement already up-to-date: setuptools>=38.6.0 in ./.pybuilder/plugins/cpython-3.6.9.final.0/lib/python3.6/site-packages (50.3.2)
Requirement already up-to-date: twine>=1.15.0 in ./.pybuilder/plugins/cpython-3.6.9.final.0/lib/python3.6/site-packages (3.2.0)
Requirement already up-to-date: unittest-xml-reporting~=3.0.2 in ./.pybuilder/plugins/cpython-3.6.9.final.0/lib/python3.6/site-packages (3.0.4)
Requirement already up-to-date: wheel>=0.34.0 in ./.pybuilder/plugins/cpython-3.6.9.final.0/lib/python3.6/site-packages (0.35.1)
Requirement already satisfied, skipping upgrade: pip>=8.1.0 in ./.pybuilder/plugins/cpython-3.6.9.final.0/lib/python3.6/site-packages (from pypandoc~=1.4) (20.2.4)
Requirement already satisfied, skipping upgrade: requests-toolbelt!=0.9.0,>=0.8.0 in ./.pybuilder/plugins/cpython-3.6.9.final.0/lib/python3.6/site-packages (from twine>=1.15.0) (0.9.1)
Requirement already satisfied, skipping upgrade: pkginfo>=1.4.2 in ./.pybuilder/plugins/cpython-3.6.9.final.0/lib/python3.6/site-packages (from twine>=1.15.0) (1.6.1)
Requirement already satisfied, skipping upgrade: keyring>=15.1 in ./.pybuilder/plugins/cpython-3.6.9.final.0/lib/python3.6/site-packages (from twine>=1.15.0) (21.5.0)
Requirement already satisfied, skipping upgrade: rfc3986>=1.4.0 in ./.pybuilder/plugins/cpython-3.6.9.final.0/lib/python3.6/site-packages (from twine>=1.15.0) (1.4.0)
Requirement already satisfied, skipping upgrade: tqdm>=4.14 in ./.pybuilder/plugins/cpython-3.6.9.final.0/lib/python3.6/site-packages (from twine>=1.15.0) (4.53.0)
Requirement already satisfied, skipping upgrade: requests>=2.20 in ./.pybuilder/plugins/cpython-3.6.9.final.0/lib/python3.6/site-packages (from twine>=1.15.0) (2.25.0)
Requirement already satisfied, skipping upgrade: importlib-metadata; python_version < "3.8" in ./.pybuilder/plugins/cpython-3.6.9.final.0/lib/python3.6/site-packages (from twine>=1.15.0) (3.0.0)
Requirement already satisfied, skipping upgrade: colorama>=0.4.3 in ./.pybuilder/plugins/cpython-3.6.9.final.0/lib/python3.6/site-packages (from twine>=1.15.0) (0.4.4)
Requirement already satisfied, skipping upgrade: readme-renderer>=21.0 in ./.pybuilder/plugins/cpython-3.6.9.final.0/lib/python3.6/site-packages (from twine>=1.15.0) (28.0)
Requirement already satisfied, skipping upgrade: jeepney>=0.4.2; sys_platform == "linux" in ./.pybuilder/plugins/cpython-3.6.9.final.0/lib/python3.6/site-packages (from keyring>=15.1->twine>=1.15.0) (0.6.0)
Requirement already satisfied, skipping upgrade: SecretStorage>=3.2; sys_platform == "linux" in ./.pybuilder/plugins/cpython-3.6.9.final.0/lib/python3.6/site-packages (from keyring>=15.1->twine>=1.15.0) (3.2.0)
Requirement already satisfied, skipping upgrade: chardet<4,>=3.0.2 in ./.pybuilder/plugins/cpython-3.6.9.final.0/lib/python3.6/site-packages (from requests>=2.20->twine>=1.15.0) (3.0.4)
Requirement already satisfied, skipping upgrade: certifi>=2017.4.17 in ./.pybuilder/plugins/cpython-3.6.9.final.0/lib/python3.6/site-packages (from requests>=2.20->twine>=1.15.0) (2020.11.8)
Requirement already satisfied, skipping upgrade: idna<3,>=2.5 in ./.pybuilder/plugins/cpython-3.6.9.final.0/lib/python3.6/site-packages (from requests>=2.20->twine>=1.15.0) (2.10)
Requirement already satisfied, skipping upgrade: urllib3<1.27,>=1.21.1 in ./.pybuilder/plugins/cpython-3.6.9.final.0/lib/python3.6/site-packages (from requests>=2.20->twine>=1.15.0) (1.26.2)
Requirement already satisfied, skipping upgrade: zipp>=0.5 in ./.pybuilder/plugins/cpython-3.6.9.final.0/lib/python3.6/site-packages (from importlib-metadata; python_version < "3.8"->twine>=1.15.0) (3.4.0)
Requirement already satisfied, skipping upgrade: docutils>=0.13.1 in ./.pybuilder/plugins/cpython-3.6.9.final.0/lib/python3.6/site-packages (from readme-renderer>=21.0->twine>=1.15.0) (0.16)
Requirement already satisfied, skipping upgrade: bleach>=2.1.0 in ./.pybuilder/plugins/cpython-3.6.9.final.0/lib/python3.6/site-packages (from readme-renderer>=21.0->twine>=1.15.0) (3.2.1)
Requirement already satisfied, skipping upgrade: six in ./.pybuilder/plugins/cpython-3.6.9.final.0/lib/python3.6/site-packages (from readme-renderer>=21.0->twine>=1.15.0) (1.15.0)
Requirement already satisfied, skipping upgrade: Pygments>=2.5.1 in ./.pybuilder/plugins/cpython-3.6.9.final.0/lib/python3.6/site-packages (from readme-renderer>=21.0->twine>=1.15.0) (2.7.2)
Requirement already satisfied, skipping upgrade: cryptography>=2.0 in ./.pybuilder/plugins/cpython-3.6.9.final.0/lib/python3.6/site-packages (from SecretStorage>=3.2; sys_platform == "linux"->keyring>=15.1->twine>=1.15.0) (3.2.1)
Requirement already satisfied, skipping upgrade: webencodings in ./.pybuilder/plugins/cpython-3.6.9.final.0/lib/python3.6/site-packages (from bleach>=2.1.0->readme-renderer>=21.0->twine>=1.15.0) (0.5.1)
Requirement already satisfied, skipping upgrade: packaging in ./.pybuilder/plugins/cpython-3.6.9.final.0/lib/python3.6/site-packages (from bleach>=2.1.0->readme-renderer>=21.0->twine>=1.15.0) (20.4)
Requirement already satisfied, skipping upgrade: cffi!=1.11.3,>=1.8 in ./.pybuilder/plugins/cpython-3.6.9.final.0/lib/python3.6/site-packages (from cryptography>=2.0->SecretStorage>=3.2; sys_platform == "linux"->keyring>=15.1->twine>=1.15.0) (1.14.3)
Requirement already satisfied, skipping upgrade: pyparsing>=2.0.2 in ./.pybuilder/plugins/cpython-3.6.9.final.0/lib/python3.6/site-packages (from packaging->bleach>=2.1.0->readme-renderer>=21.0->twine>=1.15.0) (2.4.7)
Requirement already satisfied, skipping upgrade: pycparser in ./.pybuilder/plugins/cpython-3.6.9.final.0/lib/python3.6/site-packages (from cffi!=1.11.3,>=1.8->cryptography>=2.0->SecretStorage>=3.2; sys_platform == "linux"->keyring>=15.1->twine>=1.15.0) (2.20)
Requirement already up-to-date: pypandoc~=1.4 in ./.pybuilder/plugins/cpython-3.6.9.final.0/lib/python3.6/site-packages (1.5)
Requirement already up-to-date: setuptools>=38.6.0 in ./.pybuilder/plugins/cpython-3.6.9.final.0/lib/python3.6/site-packages (50.3.2)
Requirement already up-to-date: twine>=1.15.0 in ./.pybuilder/plugins/cpython-3.6.9.final.0/lib/python3.6/site-packages (3.2.0)
Requirement already up-to-date: unittest-xml-reporting~=3.0.2 in ./.pybuilder/plugins/cpython-3.6.9.final.0/lib/python3.6/site-packages (3.0.4)
Requirement already up-to-date: wheel>=0.34.0 in ./.pybuilder/plugins/cpython-3.6.9.final.0/lib/python3.6/site-packages (0.35.1)
Requirement already satisfied, skipping upgrade: pip>=8.1.0 in ./.pybuilder/plugins/cpython-3.6.9.final.0/lib/python3.6/site-packages (from pypandoc~=1.4) (20.2.4)
Requirement already satisfied, skipping upgrade: rfc3986>=1.4.0 in ./.pybuilder/plugins/cpython-3.6.9.final.0/lib/python3.6/site-packages (from twine>=1.15.0) (1.4.0)
Requirement already satisfied, skipping upgrade: importlib-metadata; python_version < "3.8" in ./.pybuilder/plugins/cpython-3.6.9.final.0/lib/python3.6/site-packages (from twine>=1.15.0) (3.0.0)
Requirement already satisfied, skipping upgrade: requests>=2.20 in ./.pybuilder/plugins/cpython-3.6.9.final.0/lib/python3.6/site-packages (from twine>=1.15.0) (2.25.0)
Requirement already satisfied, skipping upgrade: tqdm>=4.14 in ./.pybuilder/plugins/cpython-3.6.9.final.0/lib/python3.6/site-packages (from twine>=1.15.0) (4.53.0)
Requirement already satisfied, skipping upgrade: colorama>=0.4.3 in ./.pybuilder/plugins/cpython-3.6.9.final.0/lib/python3.6/site-packages (from twine>=1.15.0) (0.4.4)
Requirement already satisfied, skipping upgrade: requests-toolbelt!=0.9.0,>=0.8.0 in ./.pybuilder/plugins/cpython-3.6.9.final.0/lib/python3.6/site-packages (from twine>=1.15.0) (0.9.1)
Requirement already satisfied, skipping upgrade: pkginfo>=1.4.2 in ./.pybuilder/plugins/cpython-3.6.9.final.0/lib/python3.6/site-packages (from twine>=1.15.0) (1.6.1)
Requirement already satisfied, skipping upgrade: readme-renderer>=21.0 in ./.pybuilder/plugins/cpython-3.6.9.final.0/lib/python3.6/site-packages (from twine>=1.15.0) (28.0)
Requirement already satisfied, skipping upgrade: keyring>=15.1 in ./.pybuilder/plugins/cpython-3.6.9.final.0/lib/python3.6/site-packages (from twine>=1.15.0) (21.5.0)
Requirement already satisfied, skipping upgrade: zipp>=0.5 in ./.pybuilder/plugins/cpython-3.6.9.final.0/lib/python3.6/site-packages (from importlib-metadata; python_version < "3.8"->twine>=1.15.0) (3.4.0)
Requirement already satisfied, skipping upgrade: certifi>=2017.4.17 in ./.pybuilder/plugins/cpython-3.6.9.final.0/lib/python3.6/site-packages (from requests>=2.20->twine>=1.15.0) (2020.11.8)
Requirement already satisfied, skipping upgrade: chardet<4,>=3.0.2 in ./.pybuilder/plugins/cpython-3.6.9.final.0/lib/python3.6/site-packages (from requests>=2.20->twine>=1.15.0) (3.0.4)
Requirement already satisfied, skipping upgrade: urllib3<1.27,>=1.21.1 in ./.pybuilder/plugins/cpython-3.6.9.final.0/lib/python3.6/site-packages (from requests>=2.20->twine>=1.15.0) (1.26.2)
Requirement already satisfied, skipping upgrade: idna<3,>=2.5 in ./.pybuilder/plugins/cpython-3.6.9.final.0/lib/python3.6/site-packages (from requests>=2.20->twine>=1.15.0) (2.10)
Requirement already satisfied, skipping upgrade: six in ./.pybuilder/plugins/cpython-3.6.9.final.0/lib/python3.6/site-packages (from readme-renderer>=21.0->twine>=1.15.0) (1.15.0)
Requirement already satisfied, skipping upgrade: bleach>=2.1.0 in ./.pybuilder/plugins/cpython-3.6.9.final.0/lib/python3.6/site-packages (from readme-renderer>=21.0->twine>=1.15.0) (3.2.1)
Requirement already satisfied, skipping upgrade: docutils>=0.13.1 in ./.pybuilder/plugins/cpython-3.6.9.final.0/lib/python3.6/site-packages (from readme-renderer>=21.0->twine>=1.15.0) (0.16)
Requirement already satisfied, skipping upgrade: Pygments>=2.5.1 in ./.pybuilder/plugins/cpython-3.6.9.final.0/lib/python3.6/site-packages (from readme-renderer>=21.0->twine>=1.15.0) (2.7.2)
Requirement already satisfied, skipping upgrade: SecretStorage>=3.2; sys_platform == "linux" in ./.pybuilder/plugins/cpython-3.6.9.final.0/lib/python3.6/site-packages (from keyring>=15.1->twine>=1.15.0) (3.2.0)
Requirement already satisfied, skipping upgrade: jeepney>=0.4.2; sys_platform == "linux" in ./.pybuilder/plugins/cpython-3.6.9.final.0/lib/python3.6/site-packages (from keyring>=15.1->twine>=1.15.0) (0.6.0)
Requirement already satisfied, skipping upgrade: packaging in ./.pybuilder/plugins/cpython-3.6.9.final.0/lib/python3.6/site-packages (from bleach>=2.1.0->readme-renderer>=21.0->twine>=1.15.0) (20.4)
Requirement already satisfied, skipping upgrade: webencodings in ./.pybuilder/plugins/cpython-3.6.9.final.0/lib/python3.6/site-packages (from bleach>=2.1.0->readme-renderer>=21.0->twine>=1.15.0) (0.5.1)
Requirement already satisfied, skipping upgrade: cryptography>=2.0 in ./.pybuilder/plugins/cpython-3.6.9.final.0/lib/python3.6/site-packages (from SecretStorage>=3.2; sys_platform == "linux"->keyring>=15.1->twine>=1.15.0) (3.2.1)
Requirement already satisfied, skipping upgrade: pyparsing>=2.0.2 in ./.pybuilder/plugins/cpython-3.6.9.final.0/lib/python3.6/site-packages (from packaging->bleach>=2.1.0->readme-renderer>=21.0->twine>=1.15.0) (2.4.7)
Requirement already satisfied, skipping upgrade: cffi!=1.11.3,>=1.8 in ./.pybuilder/plugins/cpython-3.6.9.final.0/lib/python3.6/site-packages (from cryptography>=2.0->SecretStorage>=3.2; sys_platform == "linux"->keyring>=15.1->twine>=1.15.0) (1.14.3)
Requirement already satisfied, skipping upgrade: pycparser in ./.pybuilder/plugins/cpython-3.6.9.final.0/lib/python3.6/site-packages (from cffi!=1.11.3,>=1.8->cryptography>=2.0->SecretStorage>=3.2; sys_platform == "linux"->keyring>=15.1->twine>=1.15.0) (2.20)
Requirement already up-to-date: pypandoc~=1.4 in ./.pybuilder/plugins/cpython-3.6.9.final.0/lib/python3.6/site-packages (1.5)
Requirement already up-to-date: setuptools>=38.6.0 in ./.pybuilder/plugins/cpython-3.6.9.final.0/lib/python3.6/site-packages (50.3.2)
Requirement already up-to-date: twine>=1.15.0 in ./.pybuilder/plugins/cpython-3.6.9.final.0/lib/python3.6/site-packages (3.2.0)
Requirement already up-to-date: unittest-xml-reporting~=3.0.2 in ./.pybuilder/plugins/cpython-3.6.9.final.0/lib/python3.6/site-packages (3.0.4)
Requirement already up-to-date: wheel>=0.34.0 in ./.pybuilder/plugins/cpython-3.6.9.final.0/lib/python3.6/site-packages (0.35.1)
Requirement already satisfied, skipping upgrade: pip>=8.1.0 in ./.pybuilder/plugins/cpython-3.6.9.final.0/lib/python3.6/site-packages (from pypandoc~=1.4) (20.2.4)
Requirement already satisfied, skipping upgrade: requests-toolbelt!=0.9.0,>=0.8.0 in ./.pybuilder/plugins/cpython-3.6.9.final.0/lib/python3.6/site-packages (from twine>=1.15.0) (0.9.1)
Requirement already satisfied, skipping upgrade: requests>=2.20 in ./.pybuilder/plugins/cpython-3.6.9.final.0/lib/python3.6/site-packages (from twine>=1.15.0) (2.25.0)
Requirement already satisfied, skipping upgrade: importlib-metadata; python_version < "3.8" in ./.pybuilder/plugins/cpython-3.6.9.final.0/lib/python3.6/site-packages (from twine>=1.15.0) (3.0.0)
Requirement already satisfied, skipping upgrade: pkginfo>=1.4.2 in ./.pybuilder/plugins/cpython-3.6.9.final.0/lib/python3.6/site-packages (from twine>=1.15.0) (1.6.1)
Requirement already satisfied, skipping upgrade: rfc3986>=1.4.0 in ./.pybuilder/plugins/cpython-3.6.9.final.0/lib/python3.6/site-packages (from twine>=1.15.0) (1.4.0)
Requirement already satisfied, skipping upgrade: colorama>=0.4.3 in ./.pybuilder/plugins/cpython-3.6.9.final.0/lib/python3.6/site-packages (from twine>=1.15.0) (0.4.4)
Requirement already satisfied, skipping upgrade: readme-renderer>=21.0 in ./.pybuilder/plugins/cpython-3.6.9.final.0/lib/python3.6/site-packages (from twine>=1.15.0) (28.0)
Requirement already satisfied, skipping upgrade: tqdm>=4.14 in ./.pybuilder/plugins/cpython-3.6.9.final.0/lib/python3.6/site-packages (from twine>=1.15.0) (4.53.0)
Requirement already satisfied, skipping upgrade: keyring>=15.1 in ./.pybuilder/plugins/cpython-3.6.9.final.0/lib/python3.6/site-packages (from twine>=1.15.0) (21.5.0)
Requirement already satisfied, skipping upgrade: idna<3,>=2.5 in ./.pybuilder/plugins/cpython-3.6.9.final.0/lib/python3.6/site-packages (from requests>=2.20->twine>=1.15.0) (2.10)
Requirement already satisfied, skipping upgrade: urllib3<1.27,>=1.21.1 in ./.pybuilder/plugins/cpython-3.6.9.final.0/lib/python3.6/site-packages (from requests>=2.20->twine>=1.15.0) (1.26.2)
Requirement already satisfied, skipping upgrade: certifi>=2017.4.17 in ./.pybuilder/plugins/cpython-3.6.9.final.0/lib/python3.6/site-packages (from requests>=2.20->twine>=1.15.0) (2020.11.8)
Requirement already satisfied, skipping upgrade: chardet<4,>=3.0.2 in ./.pybuilder/plugins/cpython-3.6.9.final.0/lib/python3.6/site-packages (from requests>=2.20->twine>=1.15.0) (3.0.4)
Requirement already satisfied, skipping upgrade: zipp>=0.5 in ./.pybuilder/plugins/cpython-3.6.9.final.0/lib/python3.6/site-packages (from importlib-metadata; python_version < "3.8"->twine>=1.15.0) (3.4.0)
Requirement already satisfied, skipping upgrade: bleach>=2.1.0 in ./.pybuilder/plugins/cpython-3.6.9.final.0/lib/python3.6/site-packages (from readme-renderer>=21.0->twine>=1.15.0) (3.2.1)
Requirement already satisfied, skipping upgrade: Pygments>=2.5.1 in ./.pybuilder/plugins/cpython-3.6.9.final.0/lib/python3.6/site-packages (from readme-renderer>=21.0->twine>=1.15.0) (2.7.2)
Requirement already satisfied, skipping upgrade: docutils>=0.13.1 in ./.pybuilder/plugins/cpython-3.6.9.final.0/lib/python3.6/site-packages (from readme-renderer>=21.0->twine>=1.15.0) (0.16)
Requirement already satisfied, skipping upgrade: six in ./.pybuilder/plugins/cpython-3.6.9.final.0/lib/python3.6/site-packages (from readme-renderer>=21.0->twine>=1.15.0) (1.15.0)
Requirement already satisfied, skipping upgrade: SecretStorage>=3.2; sys_platform == "linux" in ./.pybuilder/plugins/cpython-3.6.9.final.0/lib/python3.6/site-packages (from keyring>=15.1->twine>=1.15.0) (3.2.0)
Requirement already satisfied, skipping upgrade: jeepney>=0.4.2; sys_platform == "linux" in ./.pybuilder/plugins/cpython-3.6.9.final.0/lib/python3.6/site-packages (from keyring>=15.1->twine>=1.15.0) (0.6.0)
Requirement already satisfied, skipping upgrade: packaging in ./.pybuilder/plugins/cpython-3.6.9.final.0/lib/python3.6/site-packages (from bleach>=2.1.0->readme-renderer>=21.0->twine>=1.15.0) (20.4)
Requirement already satisfied, skipping upgrade: webencodings in ./.pybuilder/plugins/cpython-3.6.9.final.0/lib/python3.6/site-packages (from bleach>=2.1.0->readme-renderer>=21.0->twine>=1.15.0) (0.5.1)
Requirement already satisfied, skipping upgrade: cryptography>=2.0 in ./.pybuilder/plugins/cpython-3.6.9.final.0/lib/python3.6/site-packages (from SecretStorage>=3.2; sys_platform == "linux"->keyring>=15.1->twine>=1.15.0) (3.2.1)
Requirement already satisfied, skipping upgrade: pyparsing>=2.0.2 in ./.pybuilder/plugins/cpython-3.6.9.final.0/lib/python3.6/site-packages (from packaging->bleach>=2.1.0->readme-renderer>=21.0->twine>=1.15.0) (2.4.7)
Requirement already satisfied, skipping upgrade: cffi!=1.11.3,>=1.8 in ./.pybuilder/plugins/cpython-3.6.9.final.0/lib/python3.6/site-packages (from cryptography>=2.0->SecretStorage>=3.2; sys_platform == "linux"->keyring>=15.1->twine>=1.15.0) (1.14.3)
Requirement already satisfied, skipping upgrade: pycparser in ./.pybuilder/plugins/cpython-3.6.9.final.0/lib/python3.6/site-packages (from cffi!=1.11.3,>=1.8->cryptography>=2.0->SecretStorage>=3.2; sys_platform == "linux"->keyring>=15.1->twine>=1.15.0) (2.20)
